2026-01-02 18:13:36 - INFO - Starting configuration backup...
2026-01-02 18:13:36 - INFO - Successfully backed up directory: /home/ibrahim/.config/foot -> /home/ibrahim/aktasesat/myhypr/foot
2026-01-02 18:13:36 - INFO - Successfully backed up directory: /home/ibrahim/.config/hypr -> /home/ibrahim/aktasesat/myhypr/hypr
2026-01-02 18:13:36 - INFO - Successfully backed up directory: /home/ibrahim/.config/nvim -> /home/ibrahim/aktasesat/myhypr/nvim
2026-01-02 18:13:36 - INFO - Successfully backed up directory: /home/ibrahim/.config/rofi -> /home/ibrahim/aktasesat/myhypr/rofi
2026-01-02 18:13:36 - INFO - Successfully backed up directory: /home/ibrahim/.config/waybar -> /home/ibrahim/aktasesat/myhypr/waybar
2026-01-02 18:13:36 - INFO - Successfully backed up file: /home/ibrahim/.config/fish/config.fish -> /home/ibrahim/aktasesat/myhypr/config.fish
2026-01-02 18:13:36 - INFO - Successfully backed up file: /home/ibrahim/.config/mimeapps.list -> /home/ibrahim/aktasesat/myhypr/mimeapps.list
2026-01-02 18:13:36 - INFO - Backup completed. Success: 7, Failed: 0
2026-01-02 20:04:14 - INFO - Starting configuration backup...
2026-01-02 20:04:14 - INFO - Successfully backed up directory: /home/ibrahim/.config/foot -> /home/ibrahim/aktasesat/myhypr/foot
2026-01-02 20:04:14 - INFO - Successfully backed up directory: /home/ibrahim/.config/hypr -> /home/ibrahim/aktasesat/myhypr/hypr
2026-01-02 20:04:14 - INFO - Successfully backed up directory: /home/ibrahim/.config/nvim -> /home/ibrahim/aktasesat/myhypr/nvim
2026-01-02 20:04:14 - INFO - Successfully backed up directory: /home/ibrahim/.config/rofi -> /home/ibrahim/aktasesat/myhypr/rofi
2026-01-02 20:04:14 - INFO - Successfully backed up directory: /home/ibrahim/.config/waybar -> /home/ibrahim/aktasesat/myhypr/waybar
2026-01-02 20:04:14 - INFO - Successfully backed up file: /home/ibrahim/.config/fish/config.fish -> /home/ibrahim/aktasesat/myhypr/config.fish
2026-01-02 20:04:14 - INFO - Successfully backed up file: /home/ibrahim/.config/mimeapps.list -> /home/ibrahim/aktasesat/myhypr/mimeapps.list
2026-01-02 20:04:14 - INFO - Backup completed. Success: 7, Failed: 0
2026-01-02 20:07:17 - INFO - Starting configuration backup...
2026-01-02 20:07:17 - INFO - Successfully backed up directory: /home/ibrahim/.config/foot -> /home/ibrahim/aktasesat/myhypr/foot
2026-01-02 20:07:18 - INFO - Successfully backed up directory: /home/ibrahim/.config/hypr -> /home/ibrahim/aktasesat/myhypr/hypr
2026-01-02 20:07:18 - INFO - Successfully backed up directory: /home/ibrahim/.config/nvim -> /home/ibrahim/aktasesat/myhypr/nvim
2026-01-02 20:07:18 - INFO - Successfully backed up directory: /home/ibrahim/.config/rofi -> /home/ibrahim/aktasesat/myhypr/rofi
2026-01-02 20:07:18 - INFO - Successfully backed up directory: /home/ibrahim/.config/waybar -> /home/ibrahim/aktasesat/myhypr/waybar
2026-01-02 20:07:18 - INFO - Successfully backed up file: /home/ibrahim/.config/fish/config.fish -> /home/ibrahim/aktasesat/myhypr/config.fish
2026-01-02 20:07:18 - INFO - Successfully backed up file: /home/ibrahim/.config/mimeapps.list -> /home/ibrahim/aktasesat/myhypr/mimeapps.list
2026-01-02 20:07:18 - INFO - Backup completed. Success: 7, Failed: 0
